04-Apr-2020 20:56:44.496 INFO [main] org.apache.catalina.startup.VersionLoggerListener.log Server version name:   Apache Tomcat/9.0.33
04-Apr-2020 20:56:44.507 INFO [main] org.apache.catalina.startup.VersionLoggerListener.log Server built:          Mar 11 2020 09:31:38 UTC
04-Apr-2020 20:56:44.508 INFO [main] org.apache.catalina.startup.VersionLoggerListener.log Server version number: 9.0.33.0
04-Apr-2020 20:56:44.509 INFO [main] org.apache.catalina.startup.VersionLoggerListener.log OS Name:               Windows 10
04-Apr-2020 20:56:44.510 INFO [main] org.apache.catalina.startup.VersionLoggerListener.log OS Version:            10.0
04-Apr-2020 20:56:44.510 INFO [main] org.apache.catalina.startup.VersionLoggerListener.log Architecture:          amd64
04-Apr-2020 20:56:44.511 INFO [main] org.apache.catalina.startup.VersionLoggerListener.log Java Home:             C:\Program Files\Java\jdk-13.0.1
04-Apr-2020 20:56:44.512 INFO [main] org.apache.catalina.startup.VersionLoggerListener.log JVM Version:           13.0.1+9
04-Apr-2020 20:56:44.513 INFO [main] org.apache.catalina.startup.VersionLoggerListener.log JVM Vendor:            Oracle Corporation
04-Apr-2020 20:56:44.513 INFO [main] org.apache.catalina.startup.VersionLoggerListener.log CATALINA_BASE:         D:\Logos\JAVA\apache-tomcat-9.0.33
04-Apr-2020 20:56:44.514 INFO [main] org.apache.catalina.startup.VersionLoggerListener.log CATALINA_HOME:         D:\Logos\JAVA\apache-tomcat-9.0.33
04-Apr-2020 20:56:44.614 INFO [main] org.apache.catalina.startup.VersionLoggerListener.log Command line argument: --add-opens=java.base/java.lang=ALL-UNNAMED
04-Apr-2020 20:56:44.614 INFO [main] org.apache.catalina.startup.VersionLoggerListener.log Command line argument: --add-opens=java.base/java.io=ALL-UNNAMED
04-Apr-2020 20:56:44.616 INFO [main] org.apache.catalina.startup.VersionLoggerListener.log Command line argument: --add-opens=java.rmi/sun.rmi.transport=ALL-UNNAMED
04-Apr-2020 20:56:44.616 INFO [main] org.apache.catalina.startup.VersionLoggerListener.log Command line argument: -Djava.util.logging.config.file=D:\Logos\JAVA\apache-tomcat-9.0.33\conf\logging.properties
04-Apr-2020 20:56:44.617 INFO [main] org.apache.catalina.startup.VersionLoggerListener.log Command line argument: -Djava.util.logging.manager=org.apache.juli.ClassLoaderLogManager
04-Apr-2020 20:56:44.620 INFO [main] org.apache.catalina.startup.VersionLoggerListener.log Command line argument: -Djdk.tls.ephemeralDHKeySize=2048
04-Apr-2020 20:56:44.621 INFO [main] org.apache.catalina.startup.VersionLoggerListener.log Command line argument: -Djava.protocol.handler.pkgs=org.apache.catalina.webresources
04-Apr-2020 20:56:44.622 INFO [main] org.apache.catalina.startup.VersionLoggerListener.log Command line argument: -Dignore.endorsed.dirs=
04-Apr-2020 20:56:44.623 INFO [main] org.apache.catalina.startup.VersionLoggerListener.log Command line argument: -Dcatalina.base=D:\Logos\JAVA\apache-tomcat-9.0.33
04-Apr-2020 20:56:44.625 INFO [main] org.apache.catalina.startup.VersionLoggerListener.log Command line argument: -Dcatalina.home=D:\Logos\JAVA\apache-tomcat-9.0.33
04-Apr-2020 20:56:44.628 INFO [main] org.apache.catalina.startup.VersionLoggerListener.log Command line argument: -Djava.io.tmpdir=D:\Logos\JAVA\apache-tomcat-9.0.33\temp
04-Apr-2020 20:56:44.630 INFO [main] org.apache.catalina.core.AprLifecycleListener.lifecycleEvent Loaded APR based Apache Tomcat Native library [1.2.23] using APR version [1.7.0].
04-Apr-2020 20:56:44.631 INFO [main] org.apache.catalina.core.AprLifecycleListener.lifecycleEvent APR capabilities: IPv6 [true], sendfile [true], accept filters [false], random [true].
04-Apr-2020 20:56:44.632 INFO [main] org.apache.catalina.core.AprLifecycleListener.lifecycleEvent APR/OpenSSL configuration: useAprConnector [false], useOpenSSL [true]
04-Apr-2020 20:56:44.639 INFO [main] org.apache.catalina.core.AprLifecycleListener.initializeSSL OpenSSL successfully initialized [OpenSSL 1.1.1c  28 May 2019]
04-Apr-2020 20:56:45.202 INFO [main] org.apache.coyote.AbstractProtocol.init Initializing ProtocolHandler ["http-nio-8080"]
04-Apr-2020 20:56:46.289 INFO [main] org.apache.catalina.startup.Catalina.load Server initialization in [2,485] milliseconds
04-Apr-2020 20:56:46.412 INFO [main] org.apache.catalina.core.StandardService.startInternal Starting service [Catalina]
04-Apr-2020 20:56:46.413 INFO [main] org.apache.catalina.core.StandardEngine.startInternal Starting Servlet engine: [Apache Tomcat/9.0.33]
04-Apr-2020 20:56:46.460 INFO [main] org.apache.catalina.startup.HostConfig.deployWAR Deploying web application archive [D:\Logos\JAVA\apache-tomcat-9.0.33\webapps\lesson-12-maven.war]
04-Apr-2020 20:56:47.980 INFO [main] org.apache.jasper.servlet.TldScanner.scanJars At least one JAR was scanned for TLDs yet contained no TLDs. Enable debug logging for this logger for a complete list of JARs that were scanned but no TLDs were found in them. Skipping unneeded JARs during scanning can improve startup time and JSP compilation time.
04-Apr-2020 20:56:48.410 WARNING [main] org.apache.catalina.util.SessionIdGeneratorBase.createSecureRandom Creation of SecureRandom instance for session ID generation using [SHA1PRNG] took [376] milliseconds.
04-Apr-2020 20:56:48.464 INFO [main] org.apache.catalina.startup.HostConfig.deployWAR Deployment of web application archive [D:\Logos\JAVA\apache-tomcat-9.0.33\webapps\lesson-12-maven.war] has finished in [2,003] ms
04-Apr-2020 20:56:48.466 INFO [main] org.apache.catalina.startup.HostConfig.deployDirectory Deploying web application directory [D:\Logos\JAVA\apache-tomcat-9.0.33\webapps\docs]
04-Apr-2020 20:56:48.963 INFO [main] org.apache.jasper.servlet.TldScanner.scanJars At least one JAR was scanned for TLDs yet contained no TLDs. Enable debug logging for this logger for a complete list of JARs that were scanned but no TLDs were found in them. Skipping unneeded JARs during scanning can improve startup time and JSP compilation time.
04-Apr-2020 20:56:48.967 INFO [main] org.apache.catalina.startup.HostConfig.deployDirectory Deployment of web application directory [D:\Logos\JAVA\apache-tomcat-9.0.33\webapps\docs] has finished in [501] ms
04-Apr-2020 20:56:48.968 INFO [main] org.apache.catalina.startup.HostConfig.deployDirectory Deploying web application directory [D:\Logos\JAVA\apache-tomcat-9.0.33\webapps\examples]
04-Apr-2020 20:56:49.794 INFO [main] org.apache.jasper.servlet.TldScanner.scanJars At least one JAR was scanned for TLDs yet contained no TLDs. Enable debug logging for this logger for a complete list of JARs that were scanned but no TLDs were found in them. Skipping unneeded JARs during scanning can improve startup time and JSP compilation time.
04-Apr-2020 20:56:49.847 INFO [main] org.apache.catalina.startup.HostConfig.deployDirectory Deployment of web application directory [D:\Logos\JAVA\apache-tomcat-9.0.33\webapps\examples] has finished in [879] ms
04-Apr-2020 20:56:49.849 INFO [main] org.apache.catalina.startup.HostConfig.deployDirectory Deploying web application directory [D:\Logos\JAVA\apache-tomcat-9.0.33\webapps\host-manager]
04-Apr-2020 20:56:50.195 INFO [main] org.apache.jasper.servlet.TldScanner.scanJars At least one JAR was scanned for TLDs yet contained no TLDs. Enable debug logging for this logger for a complete list of JARs that were scanned but no TLDs were found in them. Skipping unneeded JARs during scanning can improve startup time and JSP compilation time.
04-Apr-2020 20:56:50.206 INFO [main] org.apache.catalina.startup.HostConfig.deployDirectory Deployment of web application directory [D:\Logos\JAVA\apache-tomcat-9.0.33\webapps\host-manager] has finished in [357] ms
04-Apr-2020 20:56:50.207 INFO [main] org.apache.catalina.startup.HostConfig.deployDirectory Deploying web application directory [D:\Logos\JAVA\apache-tomcat-9.0.33\webapps\manager]
04-Apr-2020 20:56:50.493 INFO [main] org.apache.jasper.servlet.TldScanner.scanJars At least one JAR was scanned for TLDs yet contained no TLDs. Enable debug logging for this logger for a complete list of JARs that were scanned but no TLDs were found in them. Skipping unneeded JARs during scanning can improve startup time and JSP compilation time.
04-Apr-2020 20:56:50.499 INFO [main] org.apache.catalina.startup.HostConfig.deployDirectory Deployment of web application directory [D:\Logos\JAVA\apache-tomcat-9.0.33\webapps\manager] has finished in [292] ms
04-Apr-2020 20:56:50.500 INFO [main] org.apache.catalina.startup.HostConfig.deployDirectory Deploying web application directory [D:\Logos\JAVA\apache-tomcat-9.0.33\webapps\ROOT]
04-Apr-2020 20:56:50.813 INFO [main] org.apache.jasper.servlet.TldScanner.scanJars At least one JAR was scanned for TLDs yet contained no TLDs. Enable debug logging for this logger for a complete list of JARs that were scanned but no TLDs were found in them. Skipping unneeded JARs during scanning can improve startup time and JSP compilation time.
04-Apr-2020 20:56:50.819 INFO [main] org.apache.catalina.startup.HostConfig.deployDirectory Deployment of web application directory [D:\Logos\JAVA\apache-tomcat-9.0.33\webapps\ROOT] has finished in [319] ms
04-Apr-2020 20:56:50.827 INFO [main] org.apache.coyote.AbstractProtocol.start Starting ProtocolHandler ["http-nio-8080"]
04-Apr-2020 20:56:50.844 INFO [main] org.apache.catalina.startup.Catalina.start Server startup in [4,551] milliseconds
04-Apr-2020 21:28:26.641 INFO [main] org.apache.catalina.startup.VersionLoggerListener.log Server version name:   Apache Tomcat/9.0.33
04-Apr-2020 21:28:26.646 INFO [main] org.apache.catalina.startup.VersionLoggerListener.log Server built:          Mar 11 2020 09:31:38 UTC
04-Apr-2020 21:28:26.646 INFO [main] org.apache.catalina.startup.VersionLoggerListener.log Server version number: 9.0.33.0
04-Apr-2020 21:28:26.646 INFO [main] org.apache.catalina.startup.VersionLoggerListener.log OS Name:               Windows 10
04-Apr-2020 21:28:26.647 INFO [main] org.apache.catalina.startup.VersionLoggerListener.log OS Version:            10.0
04-Apr-2020 21:28:26.647 INFO [main] org.apache.catalina.startup.VersionLoggerListener.log Architecture:          amd64
04-Apr-2020 21:28:26.647 INFO [main] org.apache.catalina.startup.VersionLoggerListener.log Java Home:             C:\Program Files\Java\jdk-13.0.1
04-Apr-2020 21:28:26.648 INFO [main] org.apache.catalina.startup.VersionLoggerListener.log JVM Version:           13.0.1+9
04-Apr-2020 21:28:26.648 INFO [main] org.apache.catalina.startup.VersionLoggerListener.log JVM Vendor:            Oracle Corporation
04-Apr-2020 21:28:26.649 INFO [main] org.apache.catalina.startup.VersionLoggerListener.log CATALINA_BASE:         D:\Logos\JAVA\apache-tomcat-9.0.33
04-Apr-2020 21:28:26.649 INFO [main] org.apache.catalina.startup.VersionLoggerListener.log CATALINA_HOME:         D:\Logos\JAVA\apache-tomcat-9.0.33
04-Apr-2020 21:28:26.664 INFO [main] org.apache.catalina.startup.VersionLoggerListener.log Command line argument: --add-opens=java.base/java.lang=ALL-UNNAMED
04-Apr-2020 21:28:26.665 INFO [main] org.apache.catalina.startup.VersionLoggerListener.log Command line argument: --add-opens=java.base/java.io=ALL-UNNAMED
04-Apr-2020 21:28:26.665 INFO [main] org.apache.catalina.startup.VersionLoggerListener.log Command line argument: --add-opens=java.rmi/sun.rmi.transport=ALL-UNNAMED
04-Apr-2020 21:28:26.666 INFO [main] org.apache.catalina.startup.VersionLoggerListener.log Command line argument: -Djava.util.logging.config.file=D:\Logos\JAVA\apache-tomcat-9.0.33\conf\logging.properties
04-Apr-2020 21:28:26.666 INFO [main] org.apache.catalina.startup.VersionLoggerListener.log Command line argument: -Djava.util.logging.manager=org.apache.juli.ClassLoaderLogManager
04-Apr-2020 21:28:26.667 INFO [main] org.apache.catalina.startup.VersionLoggerListener.log Command line argument: -Djdk.tls.ephemeralDHKeySize=2048
04-Apr-2020 21:28:26.668 INFO [main] org.apache.catalina.startup.VersionLoggerListener.log Command line argument: -Djava.protocol.handler.pkgs=org.apache.catalina.webresources
04-Apr-2020 21:28:26.669 INFO [main] org.apache.catalina.startup.VersionLoggerListener.log Command line argument: -Dignore.endorsed.dirs=
04-Apr-2020 21:28:26.670 INFO [main] org.apache.catalina.startup.VersionLoggerListener.log Command line argument: -Dcatalina.base=D:\Logos\JAVA\apache-tomcat-9.0.33
04-Apr-2020 21:28:26.671 INFO [main] org.apache.catalina.startup.VersionLoggerListener.log Command line argument: -Dcatalina.home=D:\Logos\JAVA\apache-tomcat-9.0.33
04-Apr-2020 21:28:26.671 INFO [main] org.apache.catalina.startup.VersionLoggerListener.log Command line argument: -Djava.io.tmpdir=D:\Logos\JAVA\apache-tomcat-9.0.33\temp
04-Apr-2020 21:28:26.672 INFO [main] org.apache.catalina.core.AprLifecycleListener.lifecycleEvent Loaded APR based Apache Tomcat Native library [1.2.23] using APR version [1.7.0].
04-Apr-2020 21:28:26.673 INFO [main] org.apache.catalina.core.AprLifecycleListener.lifecycleEvent APR capabilities: IPv6 [true], sendfile [true], accept filters [false], random [true].
04-Apr-2020 21:28:26.673 INFO [main] org.apache.catalina.core.AprLifecycleListener.lifecycleEvent APR/OpenSSL configuration: useAprConnector [false], useOpenSSL [true]
04-Apr-2020 21:28:26.682 INFO [main] org.apache.catalina.core.AprLifecycleListener.initializeSSL OpenSSL successfully initialized [OpenSSL 1.1.1c  28 May 2019]
04-Apr-2020 21:28:26.940 INFO [main] org.apache.coyote.AbstractProtocol.init Initializing ProtocolHandler ["http-nio-8080"]
04-Apr-2020 21:28:27.748 INFO [main] org.apache.catalina.startup.Catalina.load Server initialization in [1,342] milliseconds
04-Apr-2020 21:28:27.823 INFO [main] org.apache.catalina.core.StandardService.startInternal Starting service [Catalina]
04-Apr-2020 21:28:27.824 INFO [main] org.apache.catalina.core.StandardEngine.startInternal Starting Servlet engine: [Apache Tomcat/9.0.33]
04-Apr-2020 21:28:27.857 INFO [main] org.apache.catalina.startup.HostConfig.deployWAR Deploying web application archive [D:\Logos\JAVA\apache-tomcat-9.0.33\webapps\lesson-12-gradle.war]
04-Apr-2020 21:28:28.621 INFO [main] org.apache.jasper.servlet.TldScanner.scanJars At least one JAR was scanned for TLDs yet contained no TLDs. Enable debug logging for this logger for a complete list of JARs that were scanned but no TLDs were found in them. Skipping unneeded JARs during scanning can improve startup time and JSP compilation time.
04-Apr-2020 21:28:29.063 WARNING [main] org.apache.catalina.util.SessionIdGeneratorBase.createSecureRandom Creation of SecureRandom instance for session ID generation using [SHA1PRNG] took [409] milliseconds.
04-Apr-2020 21:28:29.104 INFO [main] org.apache.catalina.startup.HostConfig.deployWAR Deployment of web application archive [D:\Logos\JAVA\apache-tomcat-9.0.33\webapps\lesson-12-gradle.war] has finished in [1,246] ms
04-Apr-2020 21:28:29.107 INFO [main] org.apache.catalina.startup.HostConfig.deployWAR Deploying web application archive [D:\Logos\JAVA\apache-tomcat-9.0.33\webapps\lesson-12-maven.war]
04-Apr-2020 21:28:29.688 INFO [main] org.apache.jasper.servlet.TldScanner.scanJars At least one JAR was scanned for TLDs yet contained no TLDs. Enable debug logging for this logger for a complete list of JARs that were scanned but no TLDs were found in them. Skipping unneeded JARs during scanning can improve startup time and JSP compilation time.
04-Apr-2020 21:28:29.731 INFO [main] org.apache.catalina.startup.HostConfig.deployWAR Deployment of web application archive [D:\Logos\JAVA\apache-tomcat-9.0.33\webapps\lesson-12-maven.war] has finished in [623] ms
04-Apr-2020 21:28:29.732 INFO [main] org.apache.catalina.startup.HostConfig.deployDirectory Deploying web application directory [D:\Logos\JAVA\apache-tomcat-9.0.33\webapps\docs]
04-Apr-2020 21:28:30.069 INFO [main] org.apache.jasper.servlet.TldScanner.scanJars At least one JAR was scanned for TLDs yet contained no TLDs. Enable debug logging for this logger for a complete list of JARs that were scanned but no TLDs were found in them. Skipping unneeded JARs during scanning can improve startup time and JSP compilation time.
04-Apr-2020 21:28:30.075 INFO [main] org.apache.catalina.startup.HostConfig.deployDirectory Deployment of web application directory [D:\Logos\JAVA\apache-tomcat-9.0.33\webapps\docs] has finished in [343] ms
04-Apr-2020 21:28:30.077 INFO [main] org.apache.catalina.startup.HostConfig.deployDirectory Deploying web application directory [D:\Logos\JAVA\apache-tomcat-9.0.33\webapps\examples]
04-Apr-2020 21:28:30.585 INFO [main] org.apache.jasper.servlet.TldScanner.scanJars At least one JAR was scanned for TLDs yet contained no TLDs. Enable debug logging for this logger for a complete list of JARs that were scanned but no TLDs were found in them. Skipping unneeded JARs during scanning can improve startup time and JSP compilation time.
04-Apr-2020 21:28:30.649 INFO [main] org.apache.catalina.startup.HostConfig.deployDirectory Deployment of web application directory [D:\Logos\JAVA\apache-tomcat-9.0.33\webapps\examples] has finished in [572] ms
04-Apr-2020 21:28:30.650 INFO [main] org.apache.catalina.startup.HostConfig.deployDirectory Deploying web application directory [D:\Logos\JAVA\apache-tomcat-9.0.33\webapps\host-manager]
04-Apr-2020 21:28:30.955 INFO [main] org.apache.jasper.servlet.TldScanner.scanJars At least one JAR was scanned for TLDs yet contained no TLDs. Enable debug logging for this logger for a complete list of JARs that were scanned but no TLDs were found in them. Skipping unneeded JARs during scanning can improve startup time and JSP compilation time.
04-Apr-2020 21:28:30.974 INFO [main] org.apache.catalina.startup.HostConfig.deployDirectory Deployment of web application directory [D:\Logos\JAVA\apache-tomcat-9.0.33\webapps\host-manager] has finished in [323] ms
04-Apr-2020 21:28:30.975 INFO [main] org.apache.catalina.startup.HostConfig.deployDirectory Deploying web application directory [D:\Logos\JAVA\apache-tomcat-9.0.33\webapps\manager]
04-Apr-2020 21:28:31.275 INFO [main] org.apache.jasper.servlet.TldScanner.scanJars At least one JAR was scanned for TLDs yet contained no TLDs. Enable debug logging for this logger for a complete list of JARs that were scanned but no TLDs were found in them. Skipping unneeded JARs during scanning can improve startup time and JSP compilation time.
04-Apr-2020 21:28:31.281 INFO [main] org.apache.catalina.startup.HostConfig.deployDirectory Deployment of web application directory [D:\Logos\JAVA\apache-tomcat-9.0.33\webapps\manager] has finished in [305] ms
04-Apr-2020 21:28:31.282 INFO [main] org.apache.catalina.startup.HostConfig.deployDirectory Deploying web application directory [D:\Logos\JAVA\apache-tomcat-9.0.33\webapps\ROOT]
04-Apr-2020 21:28:31.575 INFO [main] org.apache.jasper.servlet.TldScanner.scanJars At least one JAR was scanned for TLDs yet contained no TLDs. Enable debug logging for this logger for a complete list of JARs that were scanned but no TLDs were found in them. Skipping unneeded JARs during scanning can improve startup time and JSP compilation time.
04-Apr-2020 21:28:31.581 INFO [main] org.apache.catalina.startup.HostConfig.deployDirectory Deployment of web application directory [D:\Logos\JAVA\apache-tomcat-9.0.33\webapps\ROOT] has finished in [298] ms
04-Apr-2020 21:28:31.590 INFO [main] org.apache.coyote.AbstractProtocol.start Starting ProtocolHandler ["http-nio-8080"]
04-Apr-2020 21:28:31.607 INFO [main] org.apache.catalina.startup.Catalina.start Server startup in [3,858] milliseconds
